[2025-12-29 20:08:01] [INFO] [lib.analysis.rolling] - Running rolling analysis (Window=336h, Step=24h)...
[2025-12-29 20:08:03] [INFO] [lib.analysis.rolling] - Running rolling analysis (Window=336h, Step=24h)...
[2025-12-29 20:08:03] [INFO] [lib.analysis.rolling] - Running rolling analysis (Window=336h, Step=24h)...
[2025-12-29 20:08:04] [INFO] [lib.analysis.rolling] - Running rolling analysis (Window=336h, Step=24h)...
[2025-12-29 20:08:04] [INFO] [lib.analysis.rolling] - Running rolling analysis (Window=336h, Step=24h)...
[2025-12-29 20:08:05] [INFO] [lib.analysis.rolling] - Running rolling analysis (Window=336h, Step=24h)...
[2025-12-29 20:08:05] [INFO] [lib.analysis.rolling] - Running rolling analysis (Window=336h, Step=24h)...
[2025-12-29 20:08:06] [INFO] [lib.analysis.rolling] - Running rolling analysis (Window=336h, Step=24h)...
[2025-12-29 20:08:06] [INFO] [lib.analysis.rolling] - Running rolling analysis (Window=336h, Step=24h)...
[2025-12-29 20:08:07] [INFO] [lib.analysis.rolling] - Running rolling analysis (Window=336h, Step=24h)...
[2025-12-29 20:08:08] [INFO] [lib.analysis.rolling] - Running rolling analysis (Window=336h, Step=24h)...
[2025-12-29 20:08:08] [INFO] [lib.analysis.rolling] - Running rolling analysis (Window=336h, Step=24h)...
[2025-12-29 20:08:09] [INFO] [lib.analysis.rolling] - Running rolling analysis (Window=336h, Step=24h)...
[2025-12-29 20:08:09] [INFO] [lib.analysis.rolling] - Running rolling analysis (Window=336h, Step=24h)...
[2025-12-29 20:08:10] [INFO] [lib.analysis.rolling] - Running rolling analysis (Window=336h, Step=24h)...
[2025-12-29 20:08:10] [INFO] [lib.analysis.rolling] - Running rolling analysis (Window=336h, Step=24h)...
[2025-12-29 20:08:11] [INFO] [lib.analysis.rolling] - Running rolling analysis (Window=336h, Step=24h)...
[2025-12-29 20:08:12] [INFO] [lib.analysis.rolling] - Running rolling analysis (Window=336h, Step=24h)...
[2025-12-29 20:08:12] [INFO] [lib.analysis.rolling] - Running rolling analysis (Window=336h, Step=24h)...
/USDT:USDT vs WIF/USDT:USDT
[2025-12-29 20:08:08] [INFO] [pair_finder] - Backtest Return: -2.86%
[2025-12-29 20:08:08] [INFO] [pair_finder] - Analyzing: BNB/USDT:USDT vs SUI/USDT:USDT
[2025-12-29 20:08:08] [INFO] [pair_finder] - Backtest Return: -10.88%
[2025-12-29 20:08:08] [INFO] [pair_finder] - Analyzing: BNB/USDT:USDT vs SOL/USDT:USDT
[2025-12-29 20:08:09] [INFO] [pair_finder] - Backtest Return: -0.16%
[2025-12-29 20:08:09] [INFO] [pair_finder] - Analyzing: ENA/USDT:USDT vs LTC/USDT:USDT
[2025-12-29 20:08:09] [INFO] [pair_finder] - Backtest Return: 41.13%
[2025-12-29 20:08:09] [INFO] [pair_finder] - Analyzing: LTC/USDT:USDT vs NEAR/USDT:USDT
[2025-12-29 20:08:10] [INFO] [pair_finder] - Backtest Return: 24.99%
[2025-12-29 20:08:10] [INFO] [pair_finder] - Analyzing: BTC/USDT:USDT vs WIF/USDT:USDT
[2025-12-29 20:08:10] [INFO] [pair_finder] - Backtest Return: -4.07%
[2025-12-29 20:08:10] [INFO] [pair_finder] - Analyzing: HBAR/USDT:USDT vs NEAR/USDT:USDT
[2025-12-29 20:08:11] [INFO] [pair_finder] - Backtest Return: 43.01%
[2025-12-29 20:08:11] [INFO] [pair_finder] - Analyzing: LINK/USDT:USDT vs TAO/USDT:USDT
[2025-12-29 20:08:12] [INFO] [pair_finder] - Backtest Return: 27.64%
[2025-12-29 20:08:12] [INFO] [pair_finder] - Analyzing: BTC/USDT:USDT vs TAO/USDT:USDT
[2025-12-29 20:08:12] [INFO] [pair_finder] - Backtest Return: -7.10%
[2025-12-29 20:08:12] [INFO] [pair_finder] - Analyzing: SOL/USDT:USDT vs TAO/USDT:USDT
[2025-12-29 20:08:13] [INFO] [pair_finder] - Backtest Return: 31.44%
